\BOOKMARK [0][-]{chapter*.9}{Abbildungsverzeichnis}{}% 1
\BOOKMARK [0][-]{chapter*.10}{Tabellenverzeichnis}{}% 2
\BOOKMARK [0][-]{chapter*.11}{Quelltexte}{}% 3
\BOOKMARK [0][-]{chapter.1}{Einleitung}{}% 4
\BOOKMARK [0][-]{chapter.2}{Projektmanagement}{}% 5
\BOOKMARK [1][-]{section.2.1}{Metainformationen}{chapter.2}% 6
\BOOKMARK [2][-]{subsection.2.1.1}{Team}{section.2.1}% 7
\BOOKMARK [2][-]{subsection.2.1.2}{Betreuer}{section.2.1}% 8
\BOOKMARK [2][-]{subsection.2.1.3}{Partner}{section.2.1}% 9
\BOOKMARK [2][-]{subsection.2.1.4}{Ansprechpartner}{section.2.1}% 10
\BOOKMARK [1][-]{section.2.2}{Vorerhebungen}{chapter.2}% 11
\BOOKMARK [2][-]{subsection.2.2.1}{Projektzieleplan}{section.2.2}% 12
\BOOKMARK [2][-]{subsection.2.2.2}{Projektumfeld}{section.2.2}% 13
\BOOKMARK [2][-]{subsection.2.2.3}{Risikoanalyse}{section.2.2}% 14
\BOOKMARK [1][-]{section.2.3}{Pflichtenheft}{chapter.2}% 15
\BOOKMARK [2][-]{subsection.2.3.1}{Zielbestimmung}{section.2.3}% 16
\BOOKMARK [2][-]{subsection.2.3.2}{Produkteinsatz und Umgebung}{section.2.3}% 17
\BOOKMARK [2][-]{subsection.2.3.3}{Funktionalit\344ten}{section.2.3}% 18
\BOOKMARK [2][-]{subsection.2.3.4}{Testszenarien und Testf\344lle}{section.2.3}% 19
\BOOKMARK [2][-]{subsection.2.3.5}{Liefervereinbarung}{section.2.3}% 20
\BOOKMARK [1][-]{section.2.4}{Planung}{chapter.2}% 21
\BOOKMARK [2][-]{subsection.2.4.1}{Projektstrukturplan}{section.2.4}% 22
\BOOKMARK [2][-]{subsection.2.4.2}{Meilensteine}{section.2.4}% 23
\BOOKMARK [2][-]{subsection.2.4.3}{Gant-Chart}{section.2.4}% 24
\BOOKMARK [2][-]{subsection.2.4.4}{Abnahmekriterien}{section.2.4}% 25
\BOOKMARK [2][-]{subsection.2.4.5}{Pl\344ne zur Evaluierung}{section.2.4}% 26
\BOOKMARK [2][-]{subsection.2.4.6}{Erg\344nzungen und zu kl\344rende Punkte}{section.2.4}% 27
\BOOKMARK [0][-]{chapter.3}{Vorstellung des Produktes}{}% 28
\BOOKMARK [1][-]{section.3.1}{Produktbeschreibung}{chapter.3}% 29
\BOOKMARK [0][-]{chapter.4}{Eingesetzte Technologien}{}% 30
\BOOKMARK [1][-]{section.4.1}{Engine}{chapter.4}% 31
\BOOKMARK [2][-]{subsection.4.1.1}{Spiel-Engine}{section.4.1}% 32
\BOOKMARK [2][-]{subsection.4.1.2}{Unity-Engine}{section.4.1}% 33
\BOOKMARK [1][-]{section.4.2}{Entwicklungsumgebung}{chapter.4}% 34
\BOOKMARK [2][-]{subsection.4.2.1}{Unity-Editor}{section.4.2}% 35
\BOOKMARK [2][-]{subsection.4.2.2}{Visual Studio}{section.4.2}% 36
\BOOKMARK [1][-]{section.4.3}{C\043}{chapter.4}% 37
\BOOKMARK [0][-]{chapter.5}{Problemanalyse}{}% 38
\BOOKMARK [1][-]{section.5.1}{USE-Case-Analyse}{chapter.5}% 39
\BOOKMARK [1][-]{section.5.2}{Domain-Class-Modelling}{chapter.5}% 40
\BOOKMARK [1][-]{section.5.3}{User-Interface-Design}{chapter.5}% 41
\BOOKMARK [0][-]{chapter.6}{Systementwurf}{}% 42
\BOOKMARK [1][-]{section.6.1}{Architektur}{chapter.6}% 43
\BOOKMARK [2][-]{subsection.6.1.1}{Design der Komponenten}{section.6.1}% 44
\BOOKMARK [2][-]{subsection.6.1.2}{Benutzerschnittstellen}{section.6.1}% 45
\BOOKMARK [2][-]{subsection.6.1.3}{Datenhaltunskonzept}{section.6.1}% 46
\BOOKMARK [2][-]{subsection.6.1.4}{Konzept f\374r Ausnahmebehandlung}{section.6.1}% 47
\BOOKMARK [2][-]{subsection.6.1.5}{Sicherheitskonzept}{section.6.1}% 48
\BOOKMARK [2][-]{subsection.6.1.6}{Design der Testumgebung}{section.6.1}% 49
\BOOKMARK [2][-]{subsection.6.1.7}{Desing der Ausf\374hrungsumgebung}{section.6.1}% 50
\BOOKMARK [1][-]{section.6.2}{Detailentwurf}{chapter.6}% 51
\BOOKMARK [0][-]{chapter.7}{Implementierung}{}% 52
\BOOKMARK [0][-]{chapter.8}{Deployment}{}% 53
\BOOKMARK [0][-]{chapter.9}{Tests}{}% 54
\BOOKMARK [1][-]{section.9.1}{Systemtests}{chapter.9}% 55
\BOOKMARK [2][-]{subsection.9.1.1}{Einf\374hrung}{section.9.1}% 56
\BOOKMARK [2][-]{subsection.9.1.2}{Testf\344lle}{section.9.1}% 57
\BOOKMARK [1][-]{section.9.2}{Akzeptanztests}{chapter.9}% 58
\BOOKMARK [0][-]{chapter.10}{Projektevaluation}{}% 59
\BOOKMARK [1][-]{section.10.1}{Arbeitsaufwand}{chapter.10}% 60
\BOOKMARK [1][-]{section.10.2}{Zusammenarbeit}{chapter.10}% 61
\BOOKMARK [1][-]{section.10.3}{Zeitmanagement}{chapter.10}% 62
\BOOKMARK [1][-]{section.10.4}{Produktevaluierung}{chapter.10}% 63
\BOOKMARK [1][-]{section.10.5}{Kosten}{chapter.10}% 64
\BOOKMARK [1][-]{section.10.6}{Erfahrungen}{chapter.10}% 65
\BOOKMARK [1][-]{section.10.7}{Fazit}{chapter.10}% 66
\BOOKMARK [0][-]{chapter.11}{Benutzerhandbuch}{}% 67
\BOOKMARK [0][-]{chapter.12}{Betriebswirtschaftlicher Kontext}{}% 68
\BOOKMARK [0][-]{chapter.13}{Zusammenfassung}{}% 69
\BOOKMARK [1][-]{section.13.1}{Res\374mee}{chapter.13}% 70
\BOOKMARK [2][-]{subsection.13.1.1}{Res\374mee \(Leitner Michael\)}{section.13.1}% 71
\BOOKMARK [2][-]{subsection.13.1.2}{Res\374mee \(Vogel Lukas\)}{section.13.1}% 72
\BOOKMARK [0][-]{chapter.14}{Beispielkapitel}{}% 73
\BOOKMARK [1][-]{section.14.1}{Beispiele zitieren}{chapter.14}% 74
\BOOKMARK [2][-]{subsection.14.1.1}{Beispiele Abbildungen}{section.14.1}% 75
\BOOKMARK [1][-]{section.14.2}{Beispiele Listen}{chapter.14}% 76
\BOOKMARK [1][-]{section.14.3}{Beispiel Codesequenz}{chapter.14}% 77
\BOOKMARK [2][-]{subsection.14.3.1}{Quicksort in JAVA}{section.14.3}% 78
\BOOKMARK [1][-]{section.14.4}{Beispieltext}{chapter.14}% 79
\BOOKMARK [0][-]{chapter*.32}{Literaturverzeichnis}{}% 80
\BOOKMARK [0][-]{appendix.A}{Anhang-Kapitel}{}% 81
\BOOKMARK [1][-]{section.A.1}{Anhang-Section}{appendix.A}% 82
